<?xml version="1.0" encoding="UTF-8"?>
<!-- Generated by org.testng.reporters.JUnitReportReporter -->
<testsuite hostname="SriprasadKoushik" failures="0" tests="5" name="parallel.ParallelRunner" time="69.558" errors="5" timestamp="14 Sep 2023 08:24:28 GMT" skipped="0">
  <testcase classname="parallel.ParallelRunner" name="runScenario" time="14.451">
    <error message="session not created: This version of ChromeDriver only supports Chrome version 114
Current browser version is 116.0.5845.187 with binary path C:\Program Files\Google\Chrome\Application\chrome.exe
Build info: version: &#039;3.141.59&#039;, revision: &#039;e82be7d358&#039;, time: &#039;2018-11-14T08:17:03&#039;
System info: host: &#039;SRIPRASADKOUSHI&#039;, ip: &#039;192.168.29.78&#039;, os.name: &#039;Windows 10&#039;, os.arch: &#039;amd64&#039;, os.version: &#039;10.0&#039;, java.version: &#039;17.0.6&#039;
Driver info: driver.version: ChromeDriver
remote stacktrace: Backtrace:
	GetHandleVerifier [0x0086A813+48355]
	(No symbol) [0x007FC4B1]
	(No symbol) [0x00705358]
	(No symbol) [0x007261AC]
	(No symbol) [0x00721EF3]
	(No symbol) [0x00720579]
	(No symbol) [0x00750C55]
	(No symbol) [0x0075093C]
	(No symbol) [0x0074A536]
	(No symbol) [0x007282DC]
	(No symbol) [0x007293DD]
	GetHandleVerifier [0x00ACAABD+2539405]
	GetHandleVerifier [0x00B0A78F+2800735]
	GetHandleVerifier [0x00B0456C+2775612]
	GetHandleVerifier [0x008F51E0+616112]
	(No symbol) [0x00805F8C]
	(No symbol) [0x00802328]
	(No symbol) [0x0080240B]
	(No symbol) [0x007F4FF7]
	BaseThreadInitThunk [0x76D000C9+25]
	RtlGetAppContainerNamedObjectPath [0x779F7B1E+286]
	RtlGetAppContainerNamedObjectPath [0x779F7AEE+238]
" type="org.openqa.selenium.SessionNotCreatedException">
      <![CDATA[org.openqa.selenium.SessionNotCreatedException: session not created: This version of ChromeDriver only supports Chrome version 114
Current browser version is 116.0.5845.187 with binary path C:\Program Files\Google\Chrome\Application\chrome.exe
Build info: version: '3.141.59', revision: 'e82be7d358', time: '2018-11-14T08:17:03'
System info: host: 'SRIPRASADKOUSHI', ip: '192.168.29.78', os.name: 'Windows 10', os.arch: 'amd64', os.version: '10.0', java.version: '17.0.6'
Driver info: driver.version: ChromeDriver
remote stacktrace: Backtrace:
GetHandleVerifier [0x0086A813+48355]
(No symbol) [0x007FC4B1]
(No symbol) [0x00705358]
(No symbol) [0x007261AC]
(No symbol) [0x00721EF3]
(No symbol) [0x00720579]
(No symbol) [0x00750C55]
(No symbol) [0x0075093C]
(No symbol) [0x0074A536]
(No symbol) [0x007282DC]
(No symbol) [0x007293DD]
GetHandleVerifier [0x00ACAABD+2539405]
GetHandleVerifier [0x00B0A78F+2800735]
GetHandleVerifier [0x00B0456C+2775612]
GetHandleVerifier [0x008F51E0+616112]
(No symbol) [0x00805F8C]
(No symbol) [0x00802328]
(No symbol) [0x0080240B]
(No symbol) [0x007F4FF7]
BaseThreadInitThunk [0x76D000C9+25]
RtlGetAppContainerNamedObjectPath [0x779F7B1E+286]
RtlGetAppContainerNamedObjectPath [0x779F7AEE+238]

at java.base/jdk.internal.reflect.NativeConstructorAccessorImpl.newInstance0(Native Method)
at java.base/jdk.internal.reflect.NativeConstructorAccessorImpl.newInstance(NativeConstructorAccessorImpl.java:77)
at java.base/jdk.internal.reflect.DelegatingConstructorAccessorImpl.newInstance(DelegatingConstructorAccessorImpl.java:45)
at java.base/java.lang.reflect.Constructor.newInstanceWithCaller(Constructor.java:499)
at java.base/java.lang.reflect.Constructor.newInstance(Constructor.java:480)
at org.openqa.selenium.remote.W3CHandshakeResponse.lambda$errorHandler$0(W3CHandshakeResponse.java:62)
at org.openqa.selenium.remote.HandshakeResponse.lambda$getResponseFunction$0(HandshakeResponse.java:30)
at org.openqa.selenium.remote.ProtocolHandshake.lambda$createSession$0(ProtocolHandshake.java:126)
at java.base/java.util.stream.ReferencePipeline$3$1.accept(ReferencePipeline.java:197)
at java.base/java.util.Spliterators$ArraySpliterator.tryAdvance(Spliterators.java:1002)
at java.base/java.util.stream.ReferencePipeline.forEachWithCancel(ReferencePipeline.java:129)
at java.base/java.util.stream.AbstractPipeline.copyIntoWithCancel(AbstractPipeline.java:527)
at java.base/java.util.stream.AbstractPipeline.copyInto(AbstractPipeline.java:513)
at java.base/java.util.stream.AbstractPipeline.wrapAndCopyInto(AbstractPipeline.java:499)
at java.base/java.util.stream.FindOps$FindOp.evaluateSequential(FindOps.java:150)
at java.base/java.util.stream.AbstractPipeline.evaluate(AbstractPipeline.java:234)
at java.base/java.util.stream.ReferencePipeline.findFirst(ReferencePipeline.java:647)
at org.openqa.selenium.remote.ProtocolHandshake.createSession(ProtocolHandshake.java:128)
at org.openqa.selenium.remote.ProtocolHandshake.createSession(ProtocolHandshake.java:74)
at org.openqa.selenium.remote.HttpCommandExecutor.execute(HttpCommandExecutor.java:136)
at org.openqa.selenium.remote.service.DriverCommandExecutor.execute(DriverCommandExecutor.java:83)
at org.openqa.selenium.remote.RemoteWebDriver.execute(RemoteWebDriver.java:552)
at org.openqa.selenium.remote.RemoteWebDriver.startSession(RemoteWebDriver.java:213)
at org.openqa.selenium.remote.RemoteWebDriver.<init>(RemoteWebDriver.java:131)
at org.openqa.selenium.chrome.ChromeDriver.<init>(ChromeDriver.java:181)
at org.openqa.selenium.chrome.ChromeDriver.<init>(ChromeDriver.java:168)
at org.openqa.selenium.chrome.ChromeDriver.<init>(ChromeDriver.java:123)
at com.qa.factory.DriverFactory.init_driver(DriverFactory.java:28)
at parallel.ApplicationHooks.launchBrowser(ApplicationHooks.java:45)
]]>
    </error>
  </testcase> <!-- runScenario -->
  <testcase classname="parallel.ParallelRunner" name="runScenario" time="13.280">
    <error message="session not created: This version of ChromeDriver only supports Chrome version 114
Current browser version is 116.0.5845.187 with binary path C:\Program Files\Google\Chrome\Application\chrome.exe
Build info: version: &#039;3.141.59&#039;, revision: &#039;e82be7d358&#039;, time: &#039;2018-11-14T08:17:03&#039;
System info: host: &#039;SRIPRASADKOUSHI&#039;, ip: &#039;192.168.29.78&#039;, os.name: &#039;Windows 10&#039;, os.arch: &#039;amd64&#039;, os.version: &#039;10.0&#039;, java.version: &#039;17.0.6&#039;
Driver info: driver.version: ChromeDriver
remote stacktrace: Backtrace:
	GetHandleVerifier [0x0086A813+48355]
	(No symbol) [0x007FC4B1]
	(No symbol) [0x00705358]
	(No symbol) [0x007261AC]
	(No symbol) [0x00721EF3]
	(No symbol) [0x00720579]
	(No symbol) [0x00750C55]
	(No symbol) [0x0075093C]
	(No symbol) [0x0074A536]
	(No symbol) [0x007282DC]
	(No symbol) [0x007293DD]
	GetHandleVerifier [0x00ACAABD+2539405]
	GetHandleVerifier [0x00B0A78F+2800735]
	GetHandleVerifier [0x00B0456C+2775612]
	GetHandleVerifier [0x008F51E0+616112]
	(No symbol) [0x00805F8C]
	(No symbol) [0x00802328]
	(No symbol) [0x0080240B]
	(No symbol) [0x007F4FF7]
	BaseThreadInitThunk [0x76D000C9+25]
	RtlGetAppContainerNamedObjectPath [0x779F7B1E+286]
	RtlGetAppContainerNamedObjectPath [0x779F7AEE+238]
" type="org.openqa.selenium.SessionNotCreatedException">
      <![CDATA[org.openqa.selenium.SessionNotCreatedException: session not created: This version of ChromeDriver only supports Chrome version 114
Current browser version is 116.0.5845.187 with binary path C:\Program Files\Google\Chrome\Application\chrome.exe
Build info: version: '3.141.59', revision: 'e82be7d358', time: '2018-11-14T08:17:03'
System info: host: 'SRIPRASADKOUSHI', ip: '192.168.29.78', os.name: 'Windows 10', os.arch: 'amd64', os.version: '10.0', java.version: '17.0.6'
Driver info: driver.version: ChromeDriver
remote stacktrace: Backtrace:
GetHandleVerifier [0x0086A813+48355]
(No symbol) [0x007FC4B1]
(No symbol) [0x00705358]
(No symbol) [0x007261AC]
(No symbol) [0x00721EF3]
(No symbol) [0x00720579]
(No symbol) [0x00750C55]
(No symbol) [0x0075093C]
(No symbol) [0x0074A536]
(No symbol) [0x007282DC]
(No symbol) [0x007293DD]
GetHandleVerifier [0x00ACAABD+2539405]
GetHandleVerifier [0x00B0A78F+2800735]
GetHandleVerifier [0x00B0456C+2775612]
GetHandleVerifier [0x008F51E0+616112]
(No symbol) [0x00805F8C]
(No symbol) [0x00802328]
(No symbol) [0x0080240B]
(No symbol) [0x007F4FF7]
BaseThreadInitThunk [0x76D000C9+25]
RtlGetAppContainerNamedObjectPath [0x779F7B1E+286]
RtlGetAppContainerNamedObjectPath [0x779F7AEE+238]

at java.base/jdk.internal.reflect.NativeConstructorAccessorImpl.newInstance0(Native Method)
at java.base/jdk.internal.reflect.NativeConstructorAccessorImpl.newInstance(NativeConstructorAccessorImpl.java:77)
at java.base/jdk.internal.reflect.DelegatingConstructorAccessorImpl.newInstance(DelegatingConstructorAccessorImpl.java:45)
at java.base/java.lang.reflect.Constructor.newInstanceWithCaller(Constructor.java:499)
at java.base/java.lang.reflect.Constructor.newInstance(Constructor.java:480)
at org.openqa.selenium.remote.W3CHandshakeResponse.lambda$errorHandler$0(W3CHandshakeResponse.java:62)
at org.openqa.selenium.remote.HandshakeResponse.lambda$getResponseFunction$0(HandshakeResponse.java:30)
at org.openqa.selenium.remote.ProtocolHandshake.lambda$createSession$0(ProtocolHandshake.java:126)
at java.base/java.util.stream.ReferencePipeline$3$1.accept(ReferencePipeline.java:197)
at java.base/java.util.Spliterators$ArraySpliterator.tryAdvance(Spliterators.java:1002)
at java.base/java.util.stream.ReferencePipeline.forEachWithCancel(ReferencePipeline.java:129)
at java.base/java.util.stream.AbstractPipeline.copyIntoWithCancel(AbstractPipeline.java:527)
at java.base/java.util.stream.AbstractPipeline.copyInto(AbstractPipeline.java:513)
at java.base/java.util.stream.AbstractPipeline.wrapAndCopyInto(AbstractPipeline.java:499)
at java.base/java.util.stream.FindOps$FindOp.evaluateSequential(FindOps.java:150)
at java.base/java.util.stream.AbstractPipeline.evaluate(AbstractPipeline.java:234)
at java.base/java.util.stream.ReferencePipeline.findFirst(ReferencePipeline.java:647)
at org.openqa.selenium.remote.ProtocolHandshake.createSession(ProtocolHandshake.java:128)
at org.openqa.selenium.remote.ProtocolHandshake.createSession(ProtocolHandshake.java:74)
at org.openqa.selenium.remote.HttpCommandExecutor.execute(HttpCommandExecutor.java:136)
at org.openqa.selenium.remote.service.DriverCommandExecutor.execute(DriverCommandExecutor.java:83)
at org.openqa.selenium.remote.RemoteWebDriver.execute(RemoteWebDriver.java:552)
at org.openqa.selenium.remote.RemoteWebDriver.startSession(RemoteWebDriver.java:213)
at org.openqa.selenium.remote.RemoteWebDriver.<init>(RemoteWebDriver.java:131)
at org.openqa.selenium.chrome.ChromeDriver.<init>(ChromeDriver.java:181)
at org.openqa.selenium.chrome.ChromeDriver.<init>(ChromeDriver.java:168)
at org.openqa.selenium.chrome.ChromeDriver.<init>(ChromeDriver.java:123)
at com.qa.factory.DriverFactory.init_driver(DriverFactory.java:28)
at parallel.ApplicationHooks.launchBrowser(ApplicationHooks.java:45)
]]>
    </error>
  </testcase> <!-- runScenario -->
  <testcase classname="parallel.ParallelRunner" name="runScenario" time="16.224">
    <error message="session not created: This version of ChromeDriver only supports Chrome version 114
Current browser version is 116.0.5845.187 with binary path C:\Program Files\Google\Chrome\Application\chrome.exe
Build info: version: &#039;3.141.59&#039;, revision: &#039;e82be7d358&#039;, time: &#039;2018-11-14T08:17:03&#039;
System info: host: &#039;SRIPRASADKOUSHI&#039;, ip: &#039;192.168.29.78&#039;, os.name: &#039;Windows 10&#039;, os.arch: &#039;amd64&#039;, os.version: &#039;10.0&#039;, java.version: &#039;17.0.6&#039;
Driver info: driver.version: ChromeDriver
remote stacktrace: Backtrace:
	GetHandleVerifier [0x0086A813+48355]
	(No symbol) [0x007FC4B1]
	(No symbol) [0x00705358]
	(No symbol) [0x007261AC]
	(No symbol) [0x00721EF3]
	(No symbol) [0x00720579]
	(No symbol) [0x00750C55]
	(No symbol) [0x0075093C]
	(No symbol) [0x0074A536]
	(No symbol) [0x007282DC]
	(No symbol) [0x007293DD]
	GetHandleVerifier [0x00ACAABD+2539405]
	GetHandleVerifier [0x00B0A78F+2800735]
	GetHandleVerifier [0x00B0456C+2775612]
	GetHandleVerifier [0x008F51E0+616112]
	(No symbol) [0x00805F8C]
	(No symbol) [0x00802328]
	(No symbol) [0x0080240B]
	(No symbol) [0x007F4FF7]
	BaseThreadInitThunk [0x76D000C9+25]
	RtlGetAppContainerNamedObjectPath [0x779F7B1E+286]
	RtlGetAppContainerNamedObjectPath [0x779F7AEE+238]
" type="org.openqa.selenium.SessionNotCreatedException">
      <![CDATA[org.openqa.selenium.SessionNotCreatedException: session not created: This version of ChromeDriver only supports Chrome version 114
Current browser version is 116.0.5845.187 with binary path C:\Program Files\Google\Chrome\Application\chrome.exe
Build info: version: '3.141.59', revision: 'e82be7d358', time: '2018-11-14T08:17:03'
System info: host: 'SRIPRASADKOUSHI', ip: '192.168.29.78', os.name: 'Windows 10', os.arch: 'amd64', os.version: '10.0', java.version: '17.0.6'
Driver info: driver.version: ChromeDriver
remote stacktrace: Backtrace:
GetHandleVerifier [0x0086A813+48355]
(No symbol) [0x007FC4B1]
(No symbol) [0x00705358]
(No symbol) [0x007261AC]
(No symbol) [0x00721EF3]
(No symbol) [0x00720579]
(No symbol) [0x00750C55]
(No symbol) [0x0075093C]
(No symbol) [0x0074A536]
(No symbol) [0x007282DC]
(No symbol) [0x007293DD]
GetHandleVerifier [0x00ACAABD+2539405]
GetHandleVerifier [0x00B0A78F+2800735]
GetHandleVerifier [0x00B0456C+2775612]
GetHandleVerifier [0x008F51E0+616112]
(No symbol) [0x00805F8C]
(No symbol) [0x00802328]
(No symbol) [0x0080240B]
(No symbol) [0x007F4FF7]
BaseThreadInitThunk [0x76D000C9+25]
RtlGetAppContainerNamedObjectPath [0x779F7B1E+286]
RtlGetAppContainerNamedObjectPath [0x779F7AEE+238]

at java.base/jdk.internal.reflect.NativeConstructorAccessorImpl.newInstance0(Native Method)
at java.base/jdk.internal.reflect.NativeConstructorAccessorImpl.newInstance(NativeConstructorAccessorImpl.java:77)
at java.base/jdk.internal.reflect.DelegatingConstructorAccessorImpl.newInstance(DelegatingConstructorAccessorImpl.java:45)
at java.base/java.lang.reflect.Constructor.newInstanceWithCaller(Constructor.java:499)
at java.base/java.lang.reflect.Constructor.newInstance(Constructor.java:480)
at org.openqa.selenium.remote.W3CHandshakeResponse.lambda$errorHandler$0(W3CHandshakeResponse.java:62)
at org.openqa.selenium.remote.HandshakeResponse.lambda$getResponseFunction$0(HandshakeResponse.java:30)
at org.openqa.selenium.remote.ProtocolHandshake.lambda$createSession$0(ProtocolHandshake.java:126)
at java.base/java.util.stream.ReferencePipeline$3$1.accept(ReferencePipeline.java:197)
at java.base/java.util.Spliterators$ArraySpliterator.tryAdvance(Spliterators.java:1002)
at java.base/java.util.stream.ReferencePipeline.forEachWithCancel(ReferencePipeline.java:129)
at java.base/java.util.stream.AbstractPipeline.copyIntoWithCancel(AbstractPipeline.java:527)
at java.base/java.util.stream.AbstractPipeline.copyInto(AbstractPipeline.java:513)
at java.base/java.util.stream.AbstractPipeline.wrapAndCopyInto(AbstractPipeline.java:499)
at java.base/java.util.stream.FindOps$FindOp.evaluateSequential(FindOps.java:150)
at java.base/java.util.stream.AbstractPipeline.evaluate(AbstractPipeline.java:234)
at java.base/java.util.stream.ReferencePipeline.findFirst(ReferencePipeline.java:647)
at org.openqa.selenium.remote.ProtocolHandshake.createSession(ProtocolHandshake.java:128)
at org.openqa.selenium.remote.ProtocolHandshake.createSession(ProtocolHandshake.java:74)
at org.openqa.selenium.remote.HttpCommandExecutor.execute(HttpCommandExecutor.java:136)
at org.openqa.selenium.remote.service.DriverCommandExecutor.execute(DriverCommandExecutor.java:83)
at org.openqa.selenium.remote.RemoteWebDriver.execute(RemoteWebDriver.java:552)
at org.openqa.selenium.remote.RemoteWebDriver.startSession(RemoteWebDriver.java:213)
at org.openqa.selenium.remote.RemoteWebDriver.<init>(RemoteWebDriver.java:131)
at org.openqa.selenium.chrome.ChromeDriver.<init>(ChromeDriver.java:181)
at org.openqa.selenium.chrome.ChromeDriver.<init>(ChromeDriver.java:168)
at org.openqa.selenium.chrome.ChromeDriver.<init>(ChromeDriver.java:123)
at com.qa.factory.DriverFactory.init_driver(DriverFactory.java:28)
at parallel.ApplicationHooks.launchBrowser(ApplicationHooks.java:45)
]]>
    </error>
  </testcase> <!-- runScenario -->
  <testcase classname="parallel.ParallelRunner" name="runScenario" time="13.035">
    <error message="session not created: This version of ChromeDriver only supports Chrome version 114
Current browser version is 116.0.5845.187 with binary path C:\Program Files\Google\Chrome\Application\chrome.exe
Build info: version: &#039;3.141.59&#039;, revision: &#039;e82be7d358&#039;, time: &#039;2018-11-14T08:17:03&#039;
System info: host: &#039;SRIPRASADKOUSHI&#039;, ip: &#039;192.168.29.78&#039;, os.name: &#039;Windows 10&#039;, os.arch: &#039;amd64&#039;, os.version: &#039;10.0&#039;, java.version: &#039;17.0.6&#039;
Driver info: driver.version: ChromeDriver
remote stacktrace: Backtrace:
	GetHandleVerifier [0x0086A813+48355]
	(No symbol) [0x007FC4B1]
	(No symbol) [0x00705358]
	(No symbol) [0x007261AC]
	(No symbol) [0x00721EF3]
	(No symbol) [0x00720579]
	(No symbol) [0x00750C55]
	(No symbol) [0x0075093C]
	(No symbol) [0x0074A536]
	(No symbol) [0x007282DC]
	(No symbol) [0x007293DD]
	GetHandleVerifier [0x00ACAABD+2539405]
	GetHandleVerifier [0x00B0A78F+2800735]
	GetHandleVerifier [0x00B0456C+2775612]
	GetHandleVerifier [0x008F51E0+616112]
	(No symbol) [0x00805F8C]
	(No symbol) [0x00802328]
	(No symbol) [0x0080240B]
	(No symbol) [0x007F4FF7]
	BaseThreadInitThunk [0x76D000C9+25]
	RtlGetAppContainerNamedObjectPath [0x779F7B1E+286]
	RtlGetAppContainerNamedObjectPath [0x779F7AEE+238]
" type="org.openqa.selenium.SessionNotCreatedException">
      <![CDATA[org.openqa.selenium.SessionNotCreatedException: session not created: This version of ChromeDriver only supports Chrome version 114
Current browser version is 116.0.5845.187 with binary path C:\Program Files\Google\Chrome\Application\chrome.exe
Build info: version: '3.141.59', revision: 'e82be7d358', time: '2018-11-14T08:17:03'
System info: host: 'SRIPRASADKOUSHI', ip: '192.168.29.78', os.name: 'Windows 10', os.arch: 'amd64', os.version: '10.0', java.version: '17.0.6'
Driver info: driver.version: ChromeDriver
remote stacktrace: Backtrace:
GetHandleVerifier [0x0086A813+48355]
(No symbol) [0x007FC4B1]
(No symbol) [0x00705358]
(No symbol) [0x007261AC]
(No symbol) [0x00721EF3]
(No symbol) [0x00720579]
(No symbol) [0x00750C55]
(No symbol) [0x0075093C]
(No symbol) [0x0074A536]
(No symbol) [0x007282DC]
(No symbol) [0x007293DD]
GetHandleVerifier [0x00ACAABD+2539405]
GetHandleVerifier [0x00B0A78F+2800735]
GetHandleVerifier [0x00B0456C+2775612]
GetHandleVerifier [0x008F51E0+616112]
(No symbol) [0x00805F8C]
(No symbol) [0x00802328]
(No symbol) [0x0080240B]
(No symbol) [0x007F4FF7]
BaseThreadInitThunk [0x76D000C9+25]
RtlGetAppContainerNamedObjectPath [0x779F7B1E+286]
RtlGetAppContainerNamedObjectPath [0x779F7AEE+238]

at java.base/jdk.internal.reflect.NativeConstructorAccessorImpl.newInstance0(Native Method)
at java.base/jdk.internal.reflect.NativeConstructorAccessorImpl.newInstance(NativeConstructorAccessorImpl.java:77)
at java.base/jdk.internal.reflect.DelegatingConstructorAccessorImpl.newInstance(DelegatingConstructorAccessorImpl.java:45)
at java.base/java.lang.reflect.Constructor.newInstanceWithCaller(Constructor.java:499)
at java.base/java.lang.reflect.Constructor.newInstance(Constructor.java:480)
at org.openqa.selenium.remote.W3CHandshakeResponse.lambda$errorHandler$0(W3CHandshakeResponse.java:62)
at org.openqa.selenium.remote.HandshakeResponse.lambda$getResponseFunction$0(HandshakeResponse.java:30)
at org.openqa.selenium.remote.ProtocolHandshake.lambda$createSession$0(ProtocolHandshake.java:126)
at java.base/java.util.stream.ReferencePipeline$3$1.accept(ReferencePipeline.java:197)
at java.base/java.util.Spliterators$ArraySpliterator.tryAdvance(Spliterators.java:1002)
at java.base/java.util.stream.ReferencePipeline.forEachWithCancel(ReferencePipeline.java:129)
at java.base/java.util.stream.AbstractPipeline.copyIntoWithCancel(AbstractPipeline.java:527)
at java.base/java.util.stream.AbstractPipeline.copyInto(AbstractPipeline.java:513)
at java.base/java.util.stream.AbstractPipeline.wrapAndCopyInto(AbstractPipeline.java:499)
at java.base/java.util.stream.FindOps$FindOp.evaluateSequential(FindOps.java:150)
at java.base/java.util.stream.AbstractPipeline.evaluate(AbstractPipeline.java:234)
at java.base/java.util.stream.ReferencePipeline.findFirst(ReferencePipeline.java:647)
at org.openqa.selenium.remote.ProtocolHandshake.createSession(ProtocolHandshake.java:128)
at org.openqa.selenium.remote.ProtocolHandshake.createSession(ProtocolHandshake.java:74)
at org.openqa.selenium.remote.HttpCommandExecutor.execute(HttpCommandExecutor.java:136)
at org.openqa.selenium.remote.service.DriverCommandExecutor.execute(DriverCommandExecutor.java:83)
at org.openqa.selenium.remote.RemoteWebDriver.execute(RemoteWebDriver.java:552)
at org.openqa.selenium.remote.RemoteWebDriver.startSession(RemoteWebDriver.java:213)
at org.openqa.selenium.remote.RemoteWebDriver.<init>(RemoteWebDriver.java:131)
at org.openqa.selenium.chrome.ChromeDriver.<init>(ChromeDriver.java:181)
at org.openqa.selenium.chrome.ChromeDriver.<init>(ChromeDriver.java:168)
at org.openqa.selenium.chrome.ChromeDriver.<init>(ChromeDriver.java:123)
at com.qa.factory.DriverFactory.init_driver(DriverFactory.java:28)
at parallel.ApplicationHooks.launchBrowser(ApplicationHooks.java:45)
]]>
    </error>
  </testcase> <!-- runScenario -->
  <testcase classname="parallel.ParallelRunner" name="runScenario" time="12.568">
    <error message="session not created: This version of ChromeDriver only supports Chrome version 114
Current browser version is 116.0.5845.187 with binary path C:\Program Files\Google\Chrome\Application\chrome.exe
Build info: version: &#039;3.141.59&#039;, revision: &#039;e82be7d358&#039;, time: &#039;2018-11-14T08:17:03&#039;
System info: host: &#039;SRIPRASADKOUSHI&#039;, ip: &#039;192.168.29.78&#039;, os.name: &#039;Windows 10&#039;, os.arch: &#039;amd64&#039;, os.version: &#039;10.0&#039;, java.version: &#039;17.0.6&#039;
Driver info: driver.version: ChromeDriver
remote stacktrace: Backtrace:
	GetHandleVerifier [0x0086A813+48355]
	(No symbol) [0x007FC4B1]
	(No symbol) [0x00705358]
	(No symbol) [0x007261AC]
	(No symbol) [0x00721EF3]
	(No symbol) [0x00720579]
	(No symbol) [0x00750C55]
	(No symbol) [0x0075093C]
	(No symbol) [0x0074A536]
	(No symbol) [0x007282DC]
	(No symbol) [0x007293DD]
	GetHandleVerifier [0x00ACAABD+2539405]
	GetHandleVerifier [0x00B0A78F+2800735]
	GetHandleVerifier [0x00B0456C+2775612]
	GetHandleVerifier [0x008F51E0+616112]
	(No symbol) [0x00805F8C]
	(No symbol) [0x00802328]
	(No symbol) [0x0080240B]
	(No symbol) [0x007F4FF7]
	BaseThreadInitThunk [0x76D000C9+25]
	RtlGetAppContainerNamedObjectPath [0x779F7B1E+286]
	RtlGetAppContainerNamedObjectPath [0x779F7AEE+238]
" type="org.openqa.selenium.SessionNotCreatedException">
      <![CDATA[org.openqa.selenium.SessionNotCreatedException: session not created: This version of ChromeDriver only supports Chrome version 114
Current browser version is 116.0.5845.187 with binary path C:\Program Files\Google\Chrome\Application\chrome.exe
Build info: version: '3.141.59', revision: 'e82be7d358', time: '2018-11-14T08:17:03'
System info: host: 'SRIPRASADKOUSHI', ip: '192.168.29.78', os.name: 'Windows 10', os.arch: 'amd64', os.version: '10.0', java.version: '17.0.6'
Driver info: driver.version: ChromeDriver
remote stacktrace: Backtrace:
GetHandleVerifier [0x0086A813+48355]
(No symbol) [0x007FC4B1]
(No symbol) [0x00705358]
(No symbol) [0x007261AC]
(No symbol) [0x00721EF3]
(No symbol) [0x00720579]
(No symbol) [0x00750C55]
(No symbol) [0x0075093C]
(No symbol) [0x0074A536]
(No symbol) [0x007282DC]
(No symbol) [0x007293DD]
GetHandleVerifier [0x00ACAABD+2539405]
GetHandleVerifier [0x00B0A78F+2800735]
GetHandleVerifier [0x00B0456C+2775612]
GetHandleVerifier [0x008F51E0+616112]
(No symbol) [0x00805F8C]
(No symbol) [0x00802328]
(No symbol) [0x0080240B]
(No symbol) [0x007F4FF7]
BaseThreadInitThunk [0x76D000C9+25]
RtlGetAppContainerNamedObjectPath [0x779F7B1E+286]
RtlGetAppContainerNamedObjectPath [0x779F7AEE+238]

at java.base/jdk.internal.reflect.NativeConstructorAccessorImpl.newInstance0(Native Method)
at java.base/jdk.internal.reflect.NativeConstructorAccessorImpl.newInstance(NativeConstructorAccessorImpl.java:77)
at java.base/jdk.internal.reflect.DelegatingConstructorAccessorImpl.newInstance(DelegatingConstructorAccessorImpl.java:45)
at java.base/java.lang.reflect.Constructor.newInstanceWithCaller(Constructor.java:499)
at java.base/java.lang.reflect.Constructor.newInstance(Constructor.java:480)
at org.openqa.selenium.remote.W3CHandshakeResponse.lambda$errorHandler$0(W3CHandshakeResponse.java:62)
at org.openqa.selenium.remote.HandshakeResponse.lambda$getResponseFunction$0(HandshakeResponse.java:30)
at org.openqa.selenium.remote.ProtocolHandshake.lambda$createSession$0(ProtocolHandshake.java:126)
at java.base/java.util.stream.ReferencePipeline$3$1.accept(ReferencePipeline.java:197)
at java.base/java.util.Spliterators$ArraySpliterator.tryAdvance(Spliterators.java:1002)
at java.base/java.util.stream.ReferencePipeline.forEachWithCancel(ReferencePipeline.java:129)
at java.base/java.util.stream.AbstractPipeline.copyIntoWithCancel(AbstractPipeline.java:527)
at java.base/java.util.stream.AbstractPipeline.copyInto(AbstractPipeline.java:513)
at java.base/java.util.stream.AbstractPipeline.wrapAndCopyInto(AbstractPipeline.java:499)
at java.base/java.util.stream.FindOps$FindOp.evaluateSequential(FindOps.java:150)
at java.base/java.util.stream.AbstractPipeline.evaluate(AbstractPipeline.java:234)
at java.base/java.util.stream.ReferencePipeline.findFirst(ReferencePipeline.java:647)
at org.openqa.selenium.remote.ProtocolHandshake.createSession(ProtocolHandshake.java:128)
at org.openqa.selenium.remote.ProtocolHandshake.createSession(ProtocolHandshake.java:74)
at org.openqa.selenium.remote.HttpCommandExecutor.execute(HttpCommandExecutor.java:136)
at org.openqa.selenium.remote.service.DriverCommandExecutor.execute(DriverCommandExecutor.java:83)
at org.openqa.selenium.remote.RemoteWebDriver.execute(RemoteWebDriver.java:552)
at org.openqa.selenium.remote.RemoteWebDriver.startSession(RemoteWebDriver.java:213)
at org.openqa.selenium.remote.RemoteWebDriver.<init>(RemoteWebDriver.java:131)
at org.openqa.selenium.chrome.ChromeDriver.<init>(ChromeDriver.java:181)
at org.openqa.selenium.chrome.ChromeDriver.<init>(ChromeDriver.java:168)
at org.openqa.selenium.chrome.ChromeDriver.<init>(ChromeDriver.java:123)
at com.qa.factory.DriverFactory.init_driver(DriverFactory.java:28)
at parallel.ApplicationHooks.launchBrowser(ApplicationHooks.java:45)
]]>
    </error>
  </testcase> <!-- runScenario -->
</testsuite> <!-- parallel.ParallelRunner -->
